
*** Running vivado
    with args -log top.vds -m64 -product Vivado -mode batch -messageDb vivado.pb -notrace -source top.tcl



****** Vivado v2020.2 (64-bit)
  **** SW Build 3064766 on Wed Nov 18 09:12:45 MST 2020
  **** IP Build 3064653 on Wed Nov 18 14:17:31 MST 2020
    ** Copyright 1986-2020 Xilinx, Inc. All Rights Reserved.

source top.tcl -notrace
Command: synth_design -top top -part xcku040-ffva1156-2-i
Starting synth_design
Attempting to get a license for feature 'Synthesis' and/or device 'xcku040'
INFO: [Common 17-349] Got license for feature 'Synthesis' and/or device 'xcku040'
INFO: [Device 21-403] Loading part xcku040-ffva1156-2-i
INFO: [Synth 8-7079] Multithreading enabled for synth_design using a maximum of 2 processes.
INFO: [Synth 8-7078] Launching helper process for spawning children vivado processes
INFO: [Synth 8-7075] Helper process launched with PID 13124
---------------------------------------------------------------------------------
Starting RTL Elaboration : Time (s): cpu = 00:00:05 ; elapsed = 00:00:05 . Memory (MB): peak = 1444.418 ; gain = 255.805
---------------------------------------------------------------------------------
INFO: [Synth 8-6157] synthesizing module 'top' [E:/hdmi_fpga/hdmi/hdmi.srcs/sources_1/new/top.v:23]
INFO: [Synth 8-6157] synthesizing module 'vtc' [E:/hdmi_fpga/hdmi/hdmi.srcs/sources_1/new/vtc.v:23]
	Parameter H_ACTIVE bound to: 1024 - type: integer 
	Parameter H_BP bound to: 160 - type: integer 
	Parameter H_SYNC bound to: 136 - type: integer 
	Parameter H_FP bound to: 24 - type: integer 
	Parameter V_ACTIVE bound to: 768 - type: integer 
	Parameter V_BP bound to: 29 - type: integer 
	Parameter V_SYNC bound to: 6 - type: integer 
	Parameter V_FP bound to: 3 - type: integer 
INFO: [Synth 8-6155] done synthesizing module 'vtc' (1#1) [E:/hdmi_fpga/hdmi/hdmi.srcs/sources_1/new/vtc.v:23]
INFO: [Synth 8-6157] synthesizing module 'tpg' [E:/hdmi_fpga/hdmi/hdmi.srcs/sources_1/new/tpg.v:23]
INFO: [Synth 8-6155] done synthesizing module 'tpg' (2#1) [E:/hdmi_fpga/hdmi/hdmi.srcs/sources_1/new/tpg.v:23]
INFO: [Synth 8-6157] synthesizing module 'uihdmitx' [E:/hdmi_fpga/hdmi/hdmi.srcs/sources_1/new/uihdmitx.v:21]
INFO: [Synth 8-638] synthesizing module 'TMDSEncoder' [E:/hdmi_fpga/hdmi/hdmi.srcs/sources_1/new/TMDSEncoder.vhd:69]
INFO: [Synth 8-256] done synthesizing module 'TMDSEncoder' (3#1) [E:/hdmi_fpga/hdmi/hdmi.srcs/sources_1/new/TMDSEncoder.vhd:69]
INFO: [Synth 8-6157] synthesizing module 'oserdese3_10to1' [E:/hdmi_fpga/hdmi/hdmi.srcs/sources_1/new/oserdese3_10to1.v:25]
INFO: [Synth 8-6157] synthesizing module 'RAM32X1D' [D:/Xilinx/Vivado/2020.2/scripts/rt/data/unisim_comp.v:70268]
	Parameter INIT bound to: 32'b00000000000000000000000000000000 
	Parameter IS_WCLK_INVERTED bound to: 1'b0 
INFO: [Synth 8-6155] done synthesizing module 'RAM32X1D' (4#1) [D:/Xilinx/Vivado/2020.2/scripts/rt/data/unisim_comp.v:70268]
INFO: [Synth 8-6157] synthesizing module 'OSERDESE3' [D:/Xilinx/Vivado/2020.2/scripts/rt/data/unisim_comp.v:50483]
	Parameter DATA_WIDTH bound to: 4 - type: integer 
	Parameter INIT bound to: 1'b0 
	Parameter IS_CLKDIV_INVERTED bound to: 1'b0 
	Parameter IS_CLK_INVERTED bound to: 1'b0 
	Parameter IS_RST_INVERTED bound to: 1'b0 
	Parameter ODDR_MODE bound to: FALSE - type: string 
	Parameter OSERDES_D_BYPASS bound to: FALSE - type: string 
	Parameter OSERDES_T_BYPASS bound to: FALSE - type: string 
	Parameter SIM_DEVICE bound to: ULTRASCALE - type: string 
	Parameter SIM_VERSION bound to: 2.000000 - type: double 
INFO: [Synth 8-6155] done synthesizing module 'OSERDESE3' (5#1) [D:/Xilinx/Vivado/2020.2/scripts/rt/data/unisim_comp.v:50483]
INFO: [Synth 8-6157] synthesizing module 'OBUFDS' [D:/Xilinx/Vivado/2020.2/scripts/rt/data/unisim_comp.v:46332]
	Parameter CAPACITANCE bound to: DONT_CARE - type: string 
	Parameter IOSTANDARD bound to: DEFAULT - type: string 
	Parameter SLEW bound to: SLOW - type: string 
INFO: [Synth 8-6155] done synthesizing module 'OBUFDS' (6#1) [D:/Xilinx/Vivado/2020.2/scripts/rt/data/unisim_comp.v:46332]
INFO: [Synth 8-6155] done synthesizing module 'oserdese3_10to1' (7#1) [E:/hdmi_fpga/hdmi/hdmi.srcs/sources_1/new/oserdese3_10to1.v:25]
INFO: [Synth 8-6155] done synthesizing module 'uihdmitx' (8#1) [E:/hdmi_fpga/hdmi/hdmi.srcs/sources_1/new/uihdmitx.v:21]
INFO: [Synth 8-6157] synthesizing module 'clk_wiz_0' [E:/hdmi_fpga/hdmi/hdmi.runs/synth_1/.Xil/Vivado-1088-LAPTOP-43UBS83S/realtime/clk_wiz_0_stub.v:5]
INFO: [Synth 8-6155] done synthesizing module 'clk_wiz_0' (9#1) [E:/hdmi_fpga/hdmi/hdmi.runs/synth_1/.Xil/Vivado-1088-LAPTOP-43UBS83S/realtime/clk_wiz_0_stub.v:5]
INFO: [Synth 8-6155] done synthesizing module 'top' (10#1) [E:/hdmi_fpga/hdmi/hdmi.srcs/sources_1/new/top.v:23]
---------------------------------------------------------------------------------
Finished RTL Elaboration : Time (s): cpu = 00:00:06 ; elapsed = 00:00:06 . Memory (MB): peak = 1498.859 ; gain = 310.246
---------------------------------------------------------------------------------
---------------------------------------------------------------------------------
Start Handling Custom Attributes
---------------------------------------------------------------------------------
---------------------------------------------------------------------------------
Finished Handling Custom Attributes : Time (s): cpu = 00:00:06 ; elapsed = 00:00:06 . Memory (MB): peak = 1516.723 ; gain = 328.109
---------------------------------------------------------------------------------
---------------------------------------------------------------------------------
Finished RTL Optimization Phase 1 : Time (s): cpu = 00:00:06 ; elapsed = 00:00:06 . Memory (MB): peak = 1516.723 ; gain = 328.109
---------------------------------------------------------------------------------
Netlist sorting complete. Time (s): cpu = 00:00:00 ; elapsed = 00:00:00.010 . Memory (MB): peak = 1528.777 ; gain = 0.000
INFO: [Netlist 29-17] Analyzing 44 Unisim elements for replacement
INFO: [Netlist 29-28] Unisim Transformation completed in 0 CPU seconds
INFO: [Project 1-570] Preparing netlist for logic optimization

Processing XDC Constraints
Initializing timing engine
Parsing XDC File [e:/hdmi_fpga/hdmi/hdmi.srcs/sources_1/ip/clk_wiz_0/clk_wiz_0/clk_wiz_0_in_context.xdc] for cell 'instance_name'
Finished Parsing XDC File [e:/hdmi_fpga/hdmi/hdmi.srcs/sources_1/ip/clk_wiz_0/clk_wiz_0/clk_wiz_0_in_context.xdc] for cell 'instance_name'
Parsing XDC File [E:/hdmi_fpga/hdmi/hdmi.srcs/constrs_1/new/hdmi.xdc]
Finished Parsing XDC File [E:/hdmi_fpga/hdmi/hdmi.srcs/constrs_1/new/hdmi.xdc]
INFO: [Project 1-236] Implementation specific constraints were found while reading constraint file [E:/hdmi_fpga/hdmi/hdmi.srcs/constrs_1/new/hdmi.xdc]. These constraints will be ignored for synthesis but will be used in implementation. Impacted constraints are listed in the file [.Xil/top_propImpl.xdc].
Resolution: To avoid this warning, move constraints listed in [.Xil/top_propImpl.xdc] to another XDC file and exclude this new file from synthesis with the used_in_synthesis property (File Properties dialog in GUI) and re-run elaboration/synthesis.
Completed Processing XDC Constraints

Netlist sorting complete. Time (s): cpu = 00:00:00 ; elapsed = 00:00:00.002 . Memory (MB): peak = 1625.711 ; gain = 0.000
INFO: [Project 1-111] Unisim Transformation Summary:
  A total of 44 instances were transformed.
  OBUFDS => OBUFDS: 4 instances
  RAM32X1D => RAM32X1D (RAMD32(x2)): 40 instances

Constraint Validation Runtime : Time (s): cpu = 00:00:00 ; elapsed = 00:00:00.009 . Memory (MB): peak = 1625.711 ; gain = 0.000
---------------------------------------------------------------------------------
Finished Constraint Validation : Time (s): cpu = 00:00:12 ; elapsed = 00:00:12 . Memory (MB): peak = 1625.711 ; gain = 437.098
---------------------------------------------------------------------------------
---------------------------------------------------------------------------------
Start Loading Part and Timing Information
---------------------------------------------------------------------------------
Loading part: xcku040-ffva1156-2-i
INFO: [Synth 8-6742] Reading net delay rules and data
---------------------------------------------------------------------------------
Finished Loading Part and Timing Information : Time (s): cpu = 00:00:12 ; elapsed = 00:00:12 . Memory (MB): peak = 1625.711 ; gain = 437.098
---------------------------------------------------------------------------------
---------------------------------------------------------------------------------
Start Applying 'set_property' XDC Constraints
---------------------------------------------------------------------------------
Applied set_property IO_BUFFER_TYPE = NONE for clk_i. (constraint file  e:/hdmi_fpga/hdmi/hdmi.srcs/sources_1/ip/clk_wiz_0/clk_wiz_0/clk_wiz_0_in_context.xdc, line 5).
Applied set_property CLOCK_BUFFER_TYPE = NONE for clk_i. (constraint file  e:/hdmi_fpga/hdmi/hdmi.srcs/sources_1/ip/clk_wiz_0/clk_wiz_0/clk_wiz_0_in_context.xdc, line 6).
Applied set_property KEEP_HIERARCHY = SOFT for instance_name. (constraint file  auto generated constraint).
---------------------------------------------------------------------------------
Finished applying 'set_property' XDC Constraints : Time (s): cpu = 00:00:12 ; elapsed = 00:00:12 . Memory (MB): peak = 1625.711 ; gain = 437.098
---------------------------------------------------------------------------------
INFO: [Synth 8-802] inferred FSM for state register 'RD_S_reg' in module 'oserdese3_10to1'
---------------------------------------------------------------------------------------------------
                   State |                     New Encoding |                Previous Encoding 
---------------------------------------------------------------------------------------------------
                  iSTATE |                              000 |                              000
                 iSTATE0 |                              001 |                              001
                 iSTATE1 |                              010 |                              010
                 iSTATE2 |                              011 |                              011
                 iSTATE3 |                              100 |                              100
---------------------------------------------------------------------------------------------------
INFO: [Synth 8-3354] encoded FSM with state register 'RD_S_reg' using encoding 'sequential' in module 'oserdese3_10to1'
---------------------------------------------------------------------------------
Finished RTL Optimization Phase 2 : Time (s): cpu = 00:00:12 ; elapsed = 00:00:12 . Memory (MB): peak = 1625.711 ; gain = 437.098
---------------------------------------------------------------------------------
---------------------------------------------------------------------------------
Start RTL Component Statistics 
---------------------------------------------------------------------------------
Detailed RTL Component Info : 
+---Adders : 
	   2 Input   12 Bit       Adders := 1     
	   2 Input   11 Bit       Adders := 1     
	   2 Input    8 Bit       Adders := 4     
	   8 Input    5 Bit       Adders := 6     
	   2 Input    5 Bit       Adders := 6     
	   3 Input    5 Bit       Adders := 9     
	   4 Input    5 Bit       Adders := 3     
	   2 Input    4 Bit       Adders := 8     
+---XORs : 
	   2 Input      1 Bit         XORs := 42    
+---Registers : 
	               12 Bit    Registers := 1     
	               11 Bit    Registers := 1     
	               10 Bit    Registers := 3     
	                9 Bit    Registers := 3     
	                8 Bit    Registers := 13    
	                5 Bit    Registers := 12    
	                4 Bit    Registers := 12    
	                1 Bit    Registers := 21    
+---Muxes : 
	   2 Input   12 Bit        Muxes := 1     
	   2 Input   11 Bit        Muxes := 1     
	   4 Input   10 Bit        Muxes := 3     
	   2 Input    9 Bit        Muxes := 3     
	   2 Input    5 Bit        Muxes := 9     
	   5 Input    4 Bit        Muxes := 8     
	   5 Input    3 Bit        Muxes := 4     
	   5 Input    1 Bit        Muxes := 8     
---------------------------------------------------------------------------------
Finished RTL Component Statistics 
---------------------------------------------------------------------------------
---------------------------------------------------------------------------------
Start Part Resource Summary
---------------------------------------------------------------------------------
Part Resources:
DSPs: 1920 (col length:120)
BRAMs: 1200 (col length: RAMB18 120 RAMB36 60)
---------------------------------------------------------------------------------
Finished Part Resource Summary
---------------------------------------------------------------------------------
---------------------------------------------------------------------------------
Start Cross Boundary and Area Optimization
---------------------------------------------------------------------------------
---------------------------------------------------------------------------------
Finished Cross Boundary and Area Optimization : Time (s): cpu = 00:00:14 ; elapsed = 00:00:14 . Memory (MB): peak = 1625.711 ; gain = 437.098
---------------------------------------------------------------------------------
---------------------------------------------------------------------------------
Start Applying XDC Timing Constraints
---------------------------------------------------------------------------------
---------------------------------------------------------------------------------
Finished Applying XDC Timing Constraints : Time (s): cpu = 00:00:20 ; elapsed = 00:00:21 . Memory (MB): peak = 1715.801 ; gain = 527.188
---------------------------------------------------------------------------------
---------------------------------------------------------------------------------
Start Timing Optimization
---------------------------------------------------------------------------------
---------------------------------------------------------------------------------
Finished Timing Optimization : Time (s): cpu = 00:00:20 ; elapsed = 00:00:21 . Memory (MB): peak = 1737.734 ; gain = 549.121
---------------------------------------------------------------------------------
---------------------------------------------------------------------------------
Start Technology Mapping
---------------------------------------------------------------------------------
---------------------------------------------------------------------------------
Finished Technology Mapping : Time (s): cpu = 00:00:20 ; elapsed = 00:00:21 . Memory (MB): peak = 1739.559 ; gain = 550.945
---------------------------------------------------------------------------------
---------------------------------------------------------------------------------
Start IO Insertion
---------------------------------------------------------------------------------
---------------------------------------------------------------------------------
Start Flattening Before IO Insertion
---------------------------------------------------------------------------------
---------------------------------------------------------------------------------
Finished Flattening Before IO Insertion
---------------------------------------------------------------------------------
---------------------------------------------------------------------------------
Start Final Netlist Cleanup
---------------------------------------------------------------------------------
---------------------------------------------------------------------------------
Finished Final Netlist Cleanup
---------------------------------------------------------------------------------
---------------------------------------------------------------------------------
Finished IO Insertion : Time (s): cpu = 00:00:24 ; elapsed = 00:00:25 . Memory (MB): peak = 1744.348 ; gain = 555.734
---------------------------------------------------------------------------------
---------------------------------------------------------------------------------
Start Renaming Generated Instances
---------------------------------------------------------------------------------
---------------------------------------------------------------------------------
Finished Renaming Generated Instances : Time (s): cpu = 00:00:24 ; elapsed = 00:00:25 . Memory (MB): peak = 1744.348 ; gain = 555.734
---------------------------------------------------------------------------------
---------------------------------------------------------------------------------
Start Rebuilding User Hierarchy
---------------------------------------------------------------------------------
---------------------------------------------------------------------------------
Finished Rebuilding User Hierarchy : Time (s): cpu = 00:00:24 ; elapsed = 00:00:25 . Memory (MB): peak = 1744.348 ; gain = 555.734
---------------------------------------------------------------------------------
---------------------------------------------------------------------------------
Start Renaming Generated Ports
---------------------------------------------------------------------------------
---------------------------------------------------------------------------------
Finished Renaming Generated Ports : Time (s): cpu = 00:00:24 ; elapsed = 00:00:25 . Memory (MB): peak = 1744.348 ; gain = 555.734
---------------------------------------------------------------------------------
---------------------------------------------------------------------------------
Start Handling Custom Attributes
---------------------------------------------------------------------------------
---------------------------------------------------------------------------------
Finished Handling Custom Attributes : Time (s): cpu = 00:00:24 ; elapsed = 00:00:25 . Memory (MB): peak = 1744.348 ; gain = 555.734
---------------------------------------------------------------------------------
---------------------------------------------------------------------------------
Start Renaming Generated Nets
---------------------------------------------------------------------------------
---------------------------------------------------------------------------------
Finished Renaming Generated Nets : Time (s): cpu = 00:00:24 ; elapsed = 00:00:25 . Memory (MB): peak = 1744.348 ; gain = 555.734
---------------------------------------------------------------------------------
---------------------------------------------------------------------------------
Start Writing Synthesis Report
---------------------------------------------------------------------------------

Report BlackBoxes: 
+------+--------------+----------+
|      |BlackBox name |Instances |
+------+--------------+----------+
|1     |clk_wiz_0     |         1|
+------+--------------+----------+

Report Cell Usage: 
+------+----------+------+
|      |Cell      |Count |
+------+----------+------+
|1     |clk_wiz   |     1|
|2     |LUT1      |    21|
|3     |LUT2      |    32|
|4     |LUT3      |    47|
|5     |LUT4      |    34|
|6     |LUT5      |    15|
|7     |LUT6      |    45|
|8     |MUXF7     |     3|
|9     |OSERDESE3 |     4|
|10    |RAM32X1D  |    40|
|11    |FDCE      |    27|
|12    |FDRE      |   132|
|13    |FDSE      |     7|
|14    |IBUF      |     1|
|15    |OBUFDS    |     4|
+------+----------+------+
---------------------------------------------------------------------------------
Finished Writing Synthesis Report : Time (s): cpu = 00:00:24 ; elapsed = 00:00:25 . Memory (MB): peak = 1744.348 ; gain = 555.734
---------------------------------------------------------------------------------
Synthesis finished with 0 errors, 0 critical warnings and 0 warnings.
Synthesis Optimization Runtime : Time (s): cpu = 00:00:16 ; elapsed = 00:00:23 . Memory (MB): peak = 1744.348 ; gain = 446.746
Synthesis Optimization Complete : Time (s): cpu = 00:00:24 ; elapsed = 00:00:25 . Memory (MB): peak = 1744.348 ; gain = 555.734
INFO: [Project 1-571] Translating synthesized netlist
Netlist sorting complete. Time (s): cpu = 00:00:00 ; elapsed = 00:00:00.003 . Memory (MB): peak = 1752.402 ; gain = 0.000
INFO: [Netlist 29-17] Analyzing 48 Unisim elements for replacement
INFO: [Netlist 29-28] Unisim Transformation completed in 0 CPU seconds
INFO: [Project 1-570] Preparing netlist for logic optimization
INFO: [Opt 31-138] Pushed 4 inverter(s) to 4 load pin(s).
Netlist sorting complete. Time (s): cpu = 00:00:00 ; elapsed = 00:00:00.001 . Memory (MB): peak = 1778.883 ; gain = 0.000
INFO: [Project 1-111] Unisim Transformation Summary:
  A total of 45 instances were transformed.
  IBUF => IBUF (IBUFCTRL, INBUF): 1 instance 
  OBUFDS => OBUFDS_DUAL_BUF (INV, OBUF(x2)): 4 instances
  RAM32X1D => RAM32X1D (RAMD32(x2)): 40 instances

INFO: [Common 17-83] Releasing license: Synthesis
40 Infos, 0 Warnings, 0 Critical Warnings and 0 Errors encountered.
synth_design completed successfully
synth_design: Time (s): cpu = 00:00:30 ; elapsed = 00:00:32 . Memory (MB): peak = 1778.883 ; gain = 634.934
INFO: [Common 17-1381] The checkpoint 'E:/hdmi_fpga/hdmi/hdmi.runs/synth_1/top.dcp' has been generated.
INFO: [runtcl-4] Executing : report_utilization -file top_utilization_synth.rpt -pb top_utilization_synth.pb
INFO: [Common 17-206] Exiting Vivado at Sun Jan 17 17:21:27 2021...
